2016-06-22 10:39:54.533  INFO 11144 --- [main] de.mgm.sp.Starter                        : Starting Starter on STANISLAVBNB with PID 11144 (C:\workspace\ehCacheDemo\ehCacheDemo\target\classes started by sbilik in C:\workspace\ehCacheDemo\ehCacheDemo)
2016-06-22 10:39:54.533  INFO 11144 --- [main] de.mgm.sp.Starter                        : No active profile set, falling back to default profiles: default
2016-06-22 10:39:54.580  INFO 11144 --- [main] ationConfigEmbeddedWebApplicationContext : Refreshing org.springframework.boot.context.embedded.AnnotationConfigEmbeddedWebApplicationContext@3bd94634: startup date [Wed Jun 22 10:39:54 CEST 2016]; root of context hierarchy
2016-06-22 10:39:55.859  INFO 11144 --- [main] s.b.c.e.t.TomcatEmbeddedServletContainer : Tomcat initialized with port(s): 8080 (http)
2016-06-22 10:39:55.874  INFO 11144 --- [main] o.apache.catalina.core.StandardService   : Starting service Tomcat
2016-06-22 10:39:55.874  INFO 11144 --- [main] org.apache.catalina.core.StandardEngine  : Starting Servlet Engine: Apache Tomcat/8.0.33
2016-06-22 10:39:55.968  INFO 11144 --- [localhost-startStop-1] o.a.c.c.C.[Tomcat].[localhost].[/]       : Initializing Spring embedded WebApplicationContext
2016-06-22 10:39:55.968  INFO 11144 --- [localhost-startStop-1] o.s.web.context.ContextLoader            : Root WebApplicationContext: initialization completed in 1388 ms
2016-06-22 10:39:56.202  INFO 11144 --- [localhost-startStop-1] o.s.b.c.e.ServletRegistrationBean        : Mapping servlet: 'dispatcherServlet' to [/]
2016-06-22 10:39:56.202  INFO 11144 --- [localhost-startStop-1] o.s.b.c.embedded.FilterRegistrationBean  : Mapping filter: 'characterEncodingFilter' to: [/*]
2016-06-22 10:39:56.202  INFO 11144 --- [localhost-startStop-1] o.s.b.c.embedded.FilterRegistrationBean  : Mapping filter: 'hiddenHttpMethodFilter' to: [/*]
2016-06-22 10:39:56.202  INFO 11144 --- [localhost-startStop-1] o.s.b.c.embedded.FilterRegistrationBean  : Mapping filter: 'httpPutFormContentFilter' to: [/*]
2016-06-22 10:39:56.202  INFO 11144 --- [localhost-startStop-1] o.s.b.c.embedded.FilterRegistrationBean  : Mapping filter: 'requestContextFilter' to: [/*]
2016-06-22 10:39:56.394  INFO 11144 --- [main] s.w.s.m.m.a.RequestMappingHandlerMapping : Mapped "{[/cache/remove/{cacheName}],methods=[DELETE]}" onto public void de.mgm.sp.web.CacheController.remove(java.lang.String)
2016-06-22 10:39:56.394  INFO 11144 --- [main] s.w.s.m.m.a.RequestMappingHandlerMapping : Mapped "{[/cache/removeAll],methods=[DELETE]}" onto public void de.mgm.sp.web.CacheController.removeAll()
2016-06-22 10:39:56.394  INFO 11144 --- [main] s.w.s.m.m.a.RequestMappingHandlerMapping : Mapped "{[/cache/get/{cacheName}],methods=[GET],produces=[application/json]}" onto public de.mgm.sp.model.CacheInfo de.mgm.sp.web.CacheController.getCacheInfo(java.lang.String)
2016-06-22 10:39:56.394  INFO 11144 --- [main] s.w.s.m.m.a.RequestMappingHandlerMapping : Mapped "{[/cache/createAll],methods=[POST]}" onto public void de.mgm.sp.web.CacheController.createAll()
2016-06-22 10:39:56.394  INFO 11144 --- [main] s.w.s.m.m.a.RequestMappingHandlerMapping : Mapped "{[/cache/getAll],methods=[GET],produces=[application/json]}" onto public java.util.List<de.mgm.sp.model.CacheInfo> de.mgm.sp.web.CacheController.getCacheList()
2016-06-22 10:39:56.394  INFO 11144 --- [main] s.w.s.m.m.a.RequestMappingHandlerMapping : Mapped "{[/cache/removeCacheElements/{cacheName}],methods=[DELETE]}" onto public void de.mgm.sp.web.CacheController.removeCacheElements(java.lang.String)
2016-06-22 10:39:56.410  INFO 11144 --- [main] s.w.s.m.m.a.RequestMappingHandlerMapping : Mapped "{[/car/remove],methods=[DELETE]}" onto public void de.mgm.sp.web.CarController.remove(java.lang.String)
2016-06-22 10:39:56.410  INFO 11144 --- [main] s.w.s.m.m.a.RequestMappingHandlerMapping : Mapped "{[/car/put],methods=[POST]}" onto public void de.mgm.sp.web.CarController.put(java.lang.String,java.lang.String,java.lang.String)
2016-06-22 10:39:56.410  INFO 11144 --- [main] s.w.s.m.m.a.RequestMappingHandlerMapping : Mapped "{[/car/find],methods=[GET],produces=[application/json]}" onto public java.util.List<de.mgm.sp.model.Car> de.mgm.sp.web.CarController.find(java.lang.String)
2016-06-22 10:39:56.410  INFO 11144 --- [main] s.w.s.m.m.a.RequestMappingHandlerMapping : Mapped "{[/person/remove],methods=[DELETE]}" onto public void de.mgm.sp.web.PersonController.remove(java.lang.String,java.lang.Integer)
2016-06-22 10:39:56.410  INFO 11144 --- [main] s.w.s.m.m.a.RequestMappingHandlerMapping : Mapped "{[/person/put],methods=[POST]}" onto public void de.mgm.sp.web.PersonController.put(java.lang.String,int,java.lang.String)
2016-06-22 10:39:56.410  INFO 11144 --- [main] s.w.s.m.m.a.RequestMappingHandlerMapping : Mapped "{[/person/find],methods=[GET],produces=[application/json]}" onto public java.util.List<de.mgm.sp.model.Person> de.mgm.sp.web.PersonController.find(java.lang.String,java.lang.Integer)
2016-06-22 10:39:56.410  INFO 11144 --- [main] s.w.s.m.m.a.RequestMappingHandlerMapping : Mapped "{[/api-docs],methods=[GET]}" onto public org.springframework.http.ResponseEntity<com.mangofactory.swagger.models.dto.ResourceListing> com.mangofactory.swagger.controllers.DefaultSwaggerController.getResourceListing(java.lang.String)
2016-06-22 10:39:56.410  INFO 11144 --- [main] s.w.s.m.m.a.RequestMappingHandlerMapping : Mapped "{[/api-docs/{swaggerGroup}/{apiDeclaration}],methods=[GET]}" onto public org.springframework.http.ResponseEntity<com.mangofactory.swagger.models.dto.ApiListing> com.mangofactory.swagger.controllers.DefaultSwaggerController.getApiListing(java.lang.String,java.lang.String)
2016-06-22 10:39:56.410  INFO 11144 --- [main] s.w.s.m.m.a.RequestMappingHandlerMapping : Mapped "{[/error]}" onto public org.springframework.http.ResponseEntity<java.util.Map<java.lang.String, java.lang.Object>> org.springframework.boot.autoconfigure.web.BasicErrorController.error(javax.servlet.http.HttpServletRequest)
2016-06-22 10:39:56.410  INFO 11144 --- [main] s.w.s.m.m.a.RequestMappingHandlerMapping : Mapped "{[/error],produces=[text/html]}" onto public org.springframework.web.servlet.ModelAndView org.springframework.boot.autoconfigure.web.BasicErrorController.errorHtml(javax.servlet.http.HttpServletRequest,javax.servlet.http.HttpServletResponse)
2016-06-22 10:39:56.488  WARN 11144 --- [main] n.s.ehcache.config.ConfigurationFactory  : No configuration found. Configuring ehcache from ehcache-failsafe.xml  found in the classpath: jar:file:/C:/Users/sbilik/.m2/repository/net/sf/ehcache/ehcache/2.10.2/ehcache-2.10.2.jar!/ehcache-failsafe.xml
2016-06-22 10:39:56.659  INFO 11144 --- [main] s.w.s.m.m.a.RequestMappingHandlerAdapter : Looking for @ControllerAdvice: org.springframework.boot.context.embedded.AnnotationConfigEmbeddedWebApplicationContext@3bd94634: startup date [Wed Jun 22 10:39:54 CEST 2016]; root of context hierarchy
2016-06-22 10:39:56.769  INFO 11144 --- [main] o.s.w.s.c.a.WebMvcConfigurerAdapter      : Adding welcome page: class path resource [public/index.html]
2016-06-22 10:39:56.769  INFO 11144 --- [main] o.s.w.s.handler.SimpleUrlHandlerMapping  : Root mapping to handler of type [class org.springframework.web.servlet.mvc.ParameterizableViewController]
2016-06-22 10:39:56.784  INFO 11144 --- [main] o.s.w.s.handler.SimpleUrlHandlerMapping  : Mapped URL path [/webjars/**] onto handler of type [class org.springframework.web.servlet.resource.ResourceHttpRequestHandler]
2016-06-22 10:39:56.784  INFO 11144 --- [main] o.s.w.s.handler.SimpleUrlHandlerMapping  : Mapped URL path [/**] onto handler of type [class org.springframework.web.servlet.resource.ResourceHttpRequestHandler]
2016-06-22 10:39:56.800  INFO 11144 --- [main] o.s.w.s.handler.SimpleUrlHandlerMapping  : Mapped URL path [/**/favicon.ico] onto handler of type [class org.springframework.web.servlet.resource.ResourceHttpRequestHandler]
2016-06-22 10:39:56.878  INFO 11144 --- [main] o.s.j.e.a.AnnotationMBeanExporter        : Registering beans for JMX exposure on startup
2016-06-22 10:39:56.893  INFO 11144 --- [main] c.m.swagger.plugin.SwaggerPluginAdapter  : Context refreshed
2016-06-22 10:39:56.893  INFO 11144 --- [main] c.m.swagger.plugin.SwaggerPluginAdapter  : Found custom SwaggerSpringMvcPlugins
2016-06-22 10:39:56.893  INFO 11144 --- [main] c.m.swagger.plugin.SwaggerPluginAdapter  : initializing plugin bean initSwagger
2016-06-22 10:39:56.893  INFO 11144 --- [main] c.m.s.s.ApiListingReferenceScanner       : Scanning for api listing references
2016-06-22 10:39:56.909  INFO 11144 --- [main] s.c.ClassOrApiAnnotationResourceGrouping : Group for method remove was cache
2016-06-22 10:39:56.909  INFO 11144 --- [main] c.m.s.s.ApiListingReferenceScanner       : Request mapping: remove belongs to groups: [[ResourceGroup{groupName='cache', position=0}]] 
2016-06-22 10:39:56.909  INFO 11144 --- [main] c.m.s.s.ApiListingReferenceScanner       : Adding resource to group:ResourceGroup{groupName='cache', position=0} with description:cache for handler method:remove
2016-06-22 10:39:56.909  INFO 11144 --- [main] s.c.ClassOrApiAnnotationResourceGrouping : Group for method removeAll was cache
2016-06-22 10:39:56.909  INFO 11144 --- [main] c.m.s.s.ApiListingReferenceScanner       : Request mapping: removeAll belongs to groups: [[ResourceGroup{groupName='cache', position=0}]] 
2016-06-22 10:39:56.909  INFO 11144 --- [main] c.m.s.s.ApiListingReferenceScanner       : Adding resource to group:ResourceGroup{groupName='cache', position=0} with description:cache for handler method:removeAll
2016-06-22 10:39:56.909  INFO 11144 --- [main] s.c.ClassOrApiAnnotationResourceGrouping : Group for method getCacheInfo was cache
2016-06-22 10:39:56.909  INFO 11144 --- [main] c.m.s.s.ApiListingReferenceScanner       : Request mapping: getCacheInfo belongs to groups: [[ResourceGroup{groupName='cache', position=0}]] 
2016-06-22 10:39:56.909  INFO 11144 --- [main] c.m.s.s.ApiListingReferenceScanner       : Adding resource to group:ResourceGroup{groupName='cache', position=0} with description:cache for handler method:getCacheInfo
2016-06-22 10:39:56.909  INFO 11144 --- [main] s.c.ClassOrApiAnnotationResourceGrouping : Group for method createAll was cache
2016-06-22 10:39:56.909  INFO 11144 --- [main] c.m.s.s.ApiListingReferenceScanner       : Request mapping: createAll belongs to groups: [[ResourceGroup{groupName='cache', position=0}]] 
2016-06-22 10:39:56.909  INFO 11144 --- [main] c.m.s.s.ApiListingReferenceScanner       : Adding resource to group:ResourceGroup{groupName='cache', position=0} with description:cache for handler method:createAll
2016-06-22 10:39:56.909  INFO 11144 --- [main] s.c.ClassOrApiAnnotationResourceGrouping : Group for method getCacheList was cache
2016-06-22 10:39:56.909  INFO 11144 --- [main] c.m.s.s.ApiListingReferenceScanner       : Request mapping: getCacheList belongs to groups: [[ResourceGroup{groupName='cache', position=0}]] 
2016-06-22 10:39:56.909  INFO 11144 --- [main] c.m.s.s.ApiListingReferenceScanner       : Adding resource to group:ResourceGroup{groupName='cache', position=0} with description:cache for handler method:getCacheList
2016-06-22 10:39:56.909  INFO 11144 --- [main] s.c.ClassOrApiAnnotationResourceGrouping : Group for method removeCacheElements was cache
2016-06-22 10:39:56.909  INFO 11144 --- [main] c.m.s.s.ApiListingReferenceScanner       : Request mapping: removeCacheElements belongs to groups: [[ResourceGroup{groupName='cache', position=0}]] 
2016-06-22 10:39:56.909  INFO 11144 --- [main] c.m.s.s.ApiListingReferenceScanner       : Adding resource to group:ResourceGroup{groupName='cache', position=0} with description:cache for handler method:removeCacheElements
2016-06-22 10:39:56.909  INFO 11144 --- [main] s.c.ClassOrApiAnnotationResourceGrouping : Group for method remove was car
2016-06-22 10:39:56.909  INFO 11144 --- [main] c.m.s.s.ApiListingReferenceScanner       : Request mapping: remove belongs to groups: [[ResourceGroup{groupName='car', position=0}]] 
2016-06-22 10:39:56.909  INFO 11144 --- [main] c.m.s.s.ApiListingReferenceScanner       : Adding resource to group:ResourceGroup{groupName='car', position=0} with description:car for handler method:remove
2016-06-22 10:39:56.909  INFO 11144 --- [main] s.c.ClassOrApiAnnotationResourceGrouping : Group for method put was car
2016-06-22 10:39:56.909  INFO 11144 --- [main] c.m.s.s.ApiListingReferenceScanner       : Request mapping: put belongs to groups: [[ResourceGroup{groupName='car', position=0}]] 
2016-06-22 10:39:56.909  INFO 11144 --- [main] c.m.s.s.ApiListingReferenceScanner       : Adding resource to group:ResourceGroup{groupName='car', position=0} with description:car for handler method:put
2016-06-22 10:39:56.909  INFO 11144 --- [main] s.c.ClassOrApiAnnotationResourceGrouping : Group for method find was car
2016-06-22 10:39:56.909  INFO 11144 --- [main] c.m.s.s.ApiListingReferenceScanner       : Request mapping: find belongs to groups: [[ResourceGroup{groupName='car', position=0}]] 
2016-06-22 10:39:56.909  INFO 11144 --- [main] c.m.s.s.ApiListingReferenceScanner       : Adding resource to group:ResourceGroup{groupName='car', position=0} with description:car for handler method:find
2016-06-22 10:39:56.909  INFO 11144 --- [main] s.c.ClassOrApiAnnotationResourceGrouping : Group for method remove was person
2016-06-22 10:39:56.909  INFO 11144 --- [main] c.m.s.s.ApiListingReferenceScanner       : Request mapping: remove belongs to groups: [[ResourceGroup{groupName='person', position=0}]] 
2016-06-22 10:39:56.909  INFO 11144 --- [main] c.m.s.s.ApiListingReferenceScanner       : Adding resource to group:ResourceGroup{groupName='person', position=0} with description:person for handler method:remove
2016-06-22 10:39:56.909  INFO 11144 --- [main] s.c.ClassOrApiAnnotationResourceGrouping : Group for method put was person
2016-06-22 10:39:56.909  INFO 11144 --- [main] c.m.s.s.ApiListingReferenceScanner       : Request mapping: put belongs to groups: [[ResourceGroup{groupName='person', position=0}]] 
2016-06-22 10:39:56.909  INFO 11144 --- [main] c.m.s.s.ApiListingReferenceScanner       : Adding resource to group:ResourceGroup{groupName='person', position=0} with description:person for handler method:put
2016-06-22 10:39:56.909  INFO 11144 --- [main] s.c.ClassOrApiAnnotationResourceGrouping : Group for method find was person
2016-06-22 10:39:56.909  INFO 11144 --- [main] c.m.s.s.ApiListingReferenceScanner       : Request mapping: find belongs to groups: [[ResourceGroup{groupName='person', position=0}]] 
2016-06-22 10:39:56.909  INFO 11144 --- [main] c.m.s.s.ApiListingReferenceScanner       : Adding resource to group:ResourceGroup{groupName='person', position=0} with description:person for handler method:find
2016-06-22 10:39:56.909  INFO 11144 --- [main] c.m.s.core.RequestMappingEvaluator       : Excluding method as it contains the excluded annotation: interface com.mangofactory.swagger.annotations.ApiIgnore
2016-06-22 10:39:56.909  INFO 11144 --- [main] c.m.s.core.RequestMappingEvaluator       : Excluding method as it contains the excluded annotation: interface com.mangofactory.swagger.annotations.ApiIgnore
2016-06-22 10:39:56.909  INFO 11144 --- [main] c.m.s.core.RequestMappingEvaluator       : RequestMappingInfo did not match any include patterns: | {[/error]}
2016-06-22 10:39:56.909  INFO 11144 --- [main] c.m.s.core.RequestMappingEvaluator       : RequestMappingInfo did not match any include patterns: | {[/error],produces=[text/html]}
2016-06-22 10:39:56.925  INFO 11144 --- [main] c.m.s.s.ApiListingReferenceScanner       : Created resource listing Path: /default/cache Description: cache Position: 0
2016-06-22 10:39:56.925  INFO 11144 --- [main] c.m.s.s.ApiListingReferenceScanner       : Created resource listing Path: /default/car Description: car Position: 0
2016-06-22 10:39:56.925  INFO 11144 --- [main] c.m.s.s.ApiListingReferenceScanner       : Created resource listing Path: /default/person Description: person Position: 0
2016-06-22 10:39:57.081  INFO 11144 --- [main] c.m.s.core.SwaggerApiResourceListing     : Added a resource listing with (3) api resources: 
2016-06-22 10:39:57.081  INFO 11144 --- [main] c.m.s.core.SwaggerApiResourceListing     :   cache at location: /api-docs/default/cache
2016-06-22 10:39:57.081  INFO 11144 --- [main] c.m.s.core.SwaggerApiResourceListing     :   car at location: /api-docs/default/car
2016-06-22 10:39:57.081  INFO 11144 --- [main] c.m.s.core.SwaggerApiResourceListing     :   person at location: /api-docs/default/person
2016-06-22 10:39:57.127  INFO 11144 --- [main] s.b.c.e.t.TomcatEmbeddedServletContainer : Tomcat started on port(s): 8080 (http)
2016-06-22 10:39:57.127  INFO 11144 --- [main] de.mgm.sp.Starter                        : Started Starter in 2.859 seconds (JVM running for 3.177)
2016-06-22 10:39:59.524  INFO 11144 --- [http-nio-8080-exec-1] o.a.c.c.C.[Tomcat].[localhost].[/]       : Initializing Spring FrameworkServlet 'dispatcherServlet'
2016-06-22 10:39:59.524  INFO 11144 --- [http-nio-8080-exec-1] o.s.web.servlet.DispatcherServlet        : FrameworkServlet 'dispatcherServlet': initialization started
2016-06-22 10:39:59.536  INFO 11144 --- [http-nio-8080-exec-1] o.s.web.servlet.DispatcherServlet        : FrameworkServlet 'dispatcherServlet': initialization completed in 12 ms
2016-06-22 11:38:24.870  INFO 14108 --- [main] de.mgm.sp.Starter                        : Starting Starter on STANISLAVBNB with PID 14108 (C:\workspace\ehCacheDemo\ehCacheDemo\target\classes started by sbilik in C:\workspace\ehCacheDemo\ehCacheDemo)
2016-06-22 11:38:24.870  INFO 14108 --- [main] de.mgm.sp.Starter                        : No active profile set, falling back to default profiles: default
2016-06-22 11:38:24.917  INFO 14108 --- [main] ationConfigEmbeddedWebApplicationContext : Refreshing org.springframework.boot.context.embedded.AnnotationConfigEmbeddedWebApplicationContext@3bd94634: startup date [Wed Jun 22 11:38:24 CEST 2016]; root of context hierarchy
2016-06-22 11:38:26.170  INFO 14108 --- [main] s.b.c.e.t.TomcatEmbeddedServletContainer : Tomcat initialized with port(s): 8080 (http)
2016-06-22 11:38:26.170  INFO 14108 --- [main] o.apache.catalina.core.StandardService   : Starting service Tomcat
2016-06-22 11:38:26.170  INFO 14108 --- [main] org.apache.catalina.core.StandardEngine  : Starting Servlet Engine: Apache Tomcat/8.0.33
2016-06-22 11:38:26.326  INFO 14108 --- [localhost-startStop-1] o.a.c.c.C.[Tomcat].[localhost].[/]       : Initializing Spring embedded WebApplicationContext
2016-06-22 11:38:26.326  INFO 14108 --- [localhost-startStop-1] o.s.web.context.ContextLoader            : Root WebApplicationContext: initialization completed in 1425 ms
2016-06-22 11:38:26.541  INFO 14108 --- [localhost-startStop-1] o.s.b.c.e.ServletRegistrationBean        : Mapping servlet: 'dispatcherServlet' to [/]
2016-06-22 11:38:26.546  INFO 14108 --- [localhost-startStop-1] o.s.b.c.embedded.FilterRegistrationBean  : Mapping filter: 'characterEncodingFilter' to: [/*]
2016-06-22 11:38:26.546  INFO 14108 --- [localhost-startStop-1] o.s.b.c.embedded.FilterRegistrationBean  : Mapping filter: 'hiddenHttpMethodFilter' to: [/*]
2016-06-22 11:38:26.546  INFO 14108 --- [localhost-startStop-1] o.s.b.c.embedded.FilterRegistrationBean  : Mapping filter: 'httpPutFormContentFilter' to: [/*]
2016-06-22 11:38:26.546  INFO 14108 --- [localhost-startStop-1] o.s.b.c.embedded.FilterRegistrationBean  : Mapping filter: 'requestContextFilter' to: [/*]
2016-06-22 11:38:26.764  INFO 14108 --- [main] s.w.s.m.m.a.RequestMappingHandlerMapping : Mapped "{[/cache/remove/{cacheName}],methods=[DELETE]}" onto public void de.mgm.sp.web.CacheController.remove(java.lang.String)
2016-06-22 11:38:26.766  INFO 14108 --- [main] s.w.s.m.m.a.RequestMappingHandlerMapping : Mapped "{[/cache/removeAll],methods=[DELETE]}" onto public void de.mgm.sp.web.CacheController.removeAll()
2016-06-22 11:38:26.766  INFO 14108 --- [main] s.w.s.m.m.a.RequestMappingHandlerMapping : Mapped "{[/cache/get/{cacheName}],methods=[GET],produces=[application/json]}" onto public de.mgm.sp.model.CacheInfo de.mgm.sp.web.CacheController.getCacheInfo(java.lang.String)
2016-06-22 11:38:26.766  INFO 14108 --- [main] s.w.s.m.m.a.RequestMappingHandlerMapping : Mapped "{[/cache/createAll],methods=[POST]}" onto public void de.mgm.sp.web.CacheController.createAll()
2016-06-22 11:38:26.766  INFO 14108 --- [main] s.w.s.m.m.a.RequestMappingHandlerMapping : Mapped "{[/cache/getAll],methods=[GET],produces=[application/json]}" onto public java.util.List<de.mgm.sp.model.CacheInfo> de.mgm.sp.web.CacheController.getCacheList()
2016-06-22 11:38:26.766  INFO 14108 --- [main] s.w.s.m.m.a.RequestMappingHandlerMapping : Mapped "{[/cache/removeCacheElements/{cacheName}],methods=[DELETE]}" onto public void de.mgm.sp.web.CacheController.removeCacheElements(java.lang.String)
2016-06-22 11:38:26.769  INFO 14108 --- [main] s.w.s.m.m.a.RequestMappingHandlerMapping : Mapped "{[/car/remove],methods=[DELETE]}" onto public void de.mgm.sp.web.CarController.remove(java.lang.String)
2016-06-22 11:38:26.771  INFO 14108 --- [main] s.w.s.m.m.a.RequestMappingHandlerMapping : Mapped "{[/car/put],methods=[POST]}" onto public void de.mgm.sp.web.CarController.put(java.lang.String,java.lang.String,java.lang.String)
2016-06-22 11:38:26.771  INFO 14108 --- [main] s.w.s.m.m.a.RequestMappingHandlerMapping : Mapped "{[/car/find],methods=[GET],produces=[application/json]}" onto public java.util.List<de.mgm.sp.model.Car> de.mgm.sp.web.CarController.find(java.lang.String)
2016-06-22 11:38:26.774  INFO 14108 --- [main] s.w.s.m.m.a.RequestMappingHandlerMapping : Mapped "{[/person/remove],methods=[DELETE]}" onto public void de.mgm.sp.web.PersonController.remove(java.lang.String,java.lang.Integer)
2016-06-22 11:38:26.774  INFO 14108 --- [main] s.w.s.m.m.a.RequestMappingHandlerMapping : Mapped "{[/person/put],methods=[POST]}" onto public void de.mgm.sp.web.PersonController.put(java.lang.String,int,java.lang.String)
2016-06-22 11:38:26.774  INFO 14108 --- [main] s.w.s.m.m.a.RequestMappingHandlerMapping : Mapped "{[/person/find],methods=[GET],produces=[application/json]}" onto public java.util.List<de.mgm.sp.model.Person> de.mgm.sp.web.PersonController.find(java.lang.String,java.lang.Integer)
2016-06-22 11:38:26.779  INFO 14108 --- [main] s.w.s.m.m.a.RequestMappingHandlerMapping : Mapped "{[/api-docs],methods=[GET]}" onto public org.springframework.http.ResponseEntity<com.mangofactory.swagger.models.dto.ResourceListing> com.mangofactory.swagger.controllers.DefaultSwaggerController.getResourceListing(java.lang.String)
2016-06-22 11:38:26.779  INFO 14108 --- [main] s.w.s.m.m.a.RequestMappingHandlerMapping : Mapped "{[/api-docs/{swaggerGroup}/{apiDeclaration}],methods=[GET]}" onto public org.springframework.http.ResponseEntity<com.mangofactory.swagger.models.dto.ApiListing> com.mangofactory.swagger.controllers.DefaultSwaggerController.getApiListing(java.lang.String,java.lang.String)
2016-06-22 11:38:26.781  INFO 14108 --- [main] s.w.s.m.m.a.RequestMappingHandlerMapping : Mapped "{[/error]}" onto public org.springframework.http.ResponseEntity<java.util.Map<java.lang.String, java.lang.Object>> org.springframework.boot.autoconfigure.web.BasicErrorController.error(javax.servlet.http.HttpServletRequest)
2016-06-22 11:38:26.781  INFO 14108 --- [main] s.w.s.m.m.a.RequestMappingHandlerMapping : Mapped "{[/error],produces=[text/html]}" onto public org.springframework.web.servlet.ModelAndView org.springframework.boot.autoconfigure.web.BasicErrorController.errorHtml(javax.servlet.http.HttpServletRequest,javax.servlet.http.HttpServletResponse)
2016-06-22 11:38:26.866  WARN 14108 --- [main] n.s.ehcache.config.ConfigurationFactory  : No configuration found. Configuring ehcache from ehcache-failsafe.xml  found in the classpath: jar:file:/C:/Users/sbilik/.m2/repository/net/sf/ehcache/ehcache/2.10.2/ehcache-2.10.2.jar!/ehcache-failsafe.xml
2016-06-22 11:38:27.039  INFO 14108 --- [main] s.w.s.m.m.a.RequestMappingHandlerAdapter : Looking for @ControllerAdvice: org.springframework.boot.context.embedded.AnnotationConfigEmbeddedWebApplicationContext@3bd94634: startup date [Wed Jun 22 11:38:24 CEST 2016]; root of context hierarchy
2016-06-22 11:38:27.144  INFO 14108 --- [main] o.s.w.s.c.a.WebMvcConfigurerAdapter      : Adding welcome page: class path resource [public/index.html]
2016-06-22 11:38:27.152  INFO 14108 --- [main] o.s.w.s.handler.SimpleUrlHandlerMapping  : Root mapping to handler of type [class org.springframework.web.servlet.mvc.ParameterizableViewController]
2016-06-22 11:38:27.162  INFO 14108 --- [main] o.s.w.s.handler.SimpleUrlHandlerMapping  : Mapped URL path [/webjars/**] onto handler of type [class org.springframework.web.servlet.resource.ResourceHttpRequestHandler]
2016-06-22 11:38:27.162  INFO 14108 --- [main] o.s.w.s.handler.SimpleUrlHandlerMapping  : Mapped URL path [/**] onto handler of type [class org.springframework.web.servlet.resource.ResourceHttpRequestHandler]
2016-06-22 11:38:27.192  INFO 14108 --- [main] o.s.w.s.handler.SimpleUrlHandlerMapping  : Mapped URL path [/**/favicon.ico] onto handler of type [class org.springframework.web.servlet.resource.ResourceHttpRequestHandler]
2016-06-22 11:38:27.274  INFO 14108 --- [main] o.s.j.e.a.AnnotationMBeanExporter        : Registering beans for JMX exposure on startup
2016-06-22 11:38:27.284  INFO 14108 --- [main] c.m.swagger.plugin.SwaggerPluginAdapter  : Context refreshed
2016-06-22 11:38:27.284  INFO 14108 --- [main] c.m.swagger.plugin.SwaggerPluginAdapter  : Found custom SwaggerSpringMvcPlugins
2016-06-22 11:38:27.284  INFO 14108 --- [main] c.m.swagger.plugin.SwaggerPluginAdapter  : initializing plugin bean initSwagger
2016-06-22 11:38:27.294  INFO 14108 --- [main] c.m.s.s.ApiListingReferenceScanner       : Scanning for api listing references
2016-06-22 11:38:27.297  INFO 14108 --- [main] s.c.ClassOrApiAnnotationResourceGrouping : Group for method remove was cache
2016-06-22 11:38:27.299  INFO 14108 --- [main] c.m.s.s.ApiListingReferenceScanner       : Request mapping: remove belongs to groups: [[ResourceGroup{groupName='cache', position=0}]] 
2016-06-22 11:38:27.299  INFO 14108 --- [main] c.m.s.s.ApiListingReferenceScanner       : Adding resource to group:ResourceGroup{groupName='cache', position=0} with description:cache for handler method:remove
2016-06-22 11:38:27.302  INFO 14108 --- [main] s.c.ClassOrApiAnnotationResourceGrouping : Group for method removeAll was cache
2016-06-22 11:38:27.302  INFO 14108 --- [main] c.m.s.s.ApiListingReferenceScanner       : Request mapping: removeAll belongs to groups: [[ResourceGroup{groupName='cache', position=0}]] 
2016-06-22 11:38:27.302  INFO 14108 --- [main] c.m.s.s.ApiListingReferenceScanner       : Adding resource to group:ResourceGroup{groupName='cache', position=0} with description:cache for handler method:removeAll
2016-06-22 11:38:27.302  INFO 14108 --- [main] s.c.ClassOrApiAnnotationResourceGrouping : Group for method getCacheInfo was cache
2016-06-22 11:38:27.302  INFO 14108 --- [main] c.m.s.s.ApiListingReferenceScanner       : Request mapping: getCacheInfo belongs to groups: [[ResourceGroup{groupName='cache', position=0}]] 
2016-06-22 11:38:27.302  INFO 14108 --- [main] c.m.s.s.ApiListingReferenceScanner       : Adding resource to group:ResourceGroup{groupName='cache', position=0} with description:cache for handler method:getCacheInfo
2016-06-22 11:38:27.302  INFO 14108 --- [main] s.c.ClassOrApiAnnotationResourceGrouping : Group for method createAll was cache
2016-06-22 11:38:27.302  INFO 14108 --- [main] c.m.s.s.ApiListingReferenceScanner       : Request mapping: createAll belongs to groups: [[ResourceGroup{groupName='cache', position=0}]] 
2016-06-22 11:38:27.302  INFO 14108 --- [main] c.m.s.s.ApiListingReferenceScanner       : Adding resource to group:ResourceGroup{groupName='cache', position=0} with description:cache for handler method:createAll
2016-06-22 11:38:27.302  INFO 14108 --- [main] s.c.ClassOrApiAnnotationResourceGrouping : Group for method getCacheList was cache
2016-06-22 11:38:27.304  INFO 14108 --- [main] c.m.s.s.ApiListingReferenceScanner       : Request mapping: getCacheList belongs to groups: [[ResourceGroup{groupName='cache', position=0}]] 
2016-06-22 11:38:27.304  INFO 14108 --- [main] c.m.s.s.ApiListingReferenceScanner       : Adding resource to group:ResourceGroup{groupName='cache', position=0} with description:cache for handler method:getCacheList
2016-06-22 11:38:27.304  INFO 14108 --- [main] s.c.ClassOrApiAnnotationResourceGrouping : Group for method removeCacheElements was cache
2016-06-22 11:38:27.304  INFO 14108 --- [main] c.m.s.s.ApiListingReferenceScanner       : Request mapping: removeCacheElements belongs to groups: [[ResourceGroup{groupName='cache', position=0}]] 
2016-06-22 11:38:27.304  INFO 14108 --- [main] c.m.s.s.ApiListingReferenceScanner       : Adding resource to group:ResourceGroup{groupName='cache', position=0} with description:cache for handler method:removeCacheElements
2016-06-22 11:38:27.304  INFO 14108 --- [main] s.c.ClassOrApiAnnotationResourceGrouping : Group for method remove was car
2016-06-22 11:38:27.304  INFO 14108 --- [main] c.m.s.s.ApiListingReferenceScanner       : Request mapping: remove belongs to groups: [[ResourceGroup{groupName='car', position=0}]] 
2016-06-22 11:38:27.307  INFO 14108 --- [main] c.m.s.s.ApiListingReferenceScanner       : Adding resource to group:ResourceGroup{groupName='car', position=0} with description:car for handler method:remove
2016-06-22 11:38:27.307  INFO 14108 --- [main] s.c.ClassOrApiAnnotationResourceGrouping : Group for method put was car
2016-06-22 11:38:27.307  INFO 14108 --- [main] c.m.s.s.ApiListingReferenceScanner       : Request mapping: put belongs to groups: [[ResourceGroup{groupName='car', position=0}]] 
2016-06-22 11:38:27.307  INFO 14108 --- [main] c.m.s.s.ApiListingReferenceScanner       : Adding resource to group:ResourceGroup{groupName='car', position=0} with description:car for handler method:put
2016-06-22 11:38:27.307  INFO 14108 --- [main] s.c.ClassOrApiAnnotationResourceGrouping : Group for method find was car
2016-06-22 11:38:27.307  INFO 14108 --- [main] c.m.s.s.ApiListingReferenceScanner       : Request mapping: find belongs to groups: [[ResourceGroup{groupName='car', position=0}]] 
2016-06-22 11:38:27.307  INFO 14108 --- [main] c.m.s.s.ApiListingReferenceScanner       : Adding resource to group:ResourceGroup{groupName='car', position=0} with description:car for handler method:find
2016-06-22 11:38:27.309  INFO 14108 --- [main] s.c.ClassOrApiAnnotationResourceGrouping : Group for method remove was person
2016-06-22 11:38:27.309  INFO 14108 --- [main] c.m.s.s.ApiListingReferenceScanner       : Request mapping: remove belongs to groups: [[ResourceGroup{groupName='person', position=0}]] 
2016-06-22 11:38:27.309  INFO 14108 --- [main] c.m.s.s.ApiListingReferenceScanner       : Adding resource to group:ResourceGroup{groupName='person', position=0} with description:person for handler method:remove
2016-06-22 11:38:27.309  INFO 14108 --- [main] s.c.ClassOrApiAnnotationResourceGrouping : Group for method put was person
2016-06-22 11:38:27.309  INFO 14108 --- [main] c.m.s.s.ApiListingReferenceScanner       : Request mapping: put belongs to groups: [[ResourceGroup{groupName='person', position=0}]] 
2016-06-22 11:38:27.309  INFO 14108 --- [main] c.m.s.s.ApiListingReferenceScanner       : Adding resource to group:ResourceGroup{groupName='person', position=0} with description:person for handler method:put
2016-06-22 11:38:27.309  INFO 14108 --- [main] s.c.ClassOrApiAnnotationResourceGrouping : Group for method find was person
2016-06-22 11:38:27.309  INFO 14108 --- [main] c.m.s.s.ApiListingReferenceScanner       : Request mapping: find belongs to groups: [[ResourceGroup{groupName='person', position=0}]] 
2016-06-22 11:38:27.309  INFO 14108 --- [main] c.m.s.s.ApiListingReferenceScanner       : Adding resource to group:ResourceGroup{groupName='person', position=0} with description:person for handler method:find
2016-06-22 11:38:27.309  INFO 14108 --- [main] c.m.s.core.RequestMappingEvaluator       : Excluding method as it contains the excluded annotation: interface com.mangofactory.swagger.annotations.ApiIgnore
2016-06-22 11:38:27.309  INFO 14108 --- [main] c.m.s.core.RequestMappingEvaluator       : Excluding method as it contains the excluded annotation: interface com.mangofactory.swagger.annotations.ApiIgnore
2016-06-22 11:38:27.312  INFO 14108 --- [main] c.m.s.core.RequestMappingEvaluator       : RequestMappingInfo did not match any include patterns: | {[/error]}
2016-06-22 11:38:27.312  INFO 14108 --- [main] c.m.s.core.RequestMappingEvaluator       : RequestMappingInfo did not match any include patterns: | {[/error],produces=[text/html]}
2016-06-22 11:38:27.319  INFO 14108 --- [main] c.m.s.s.ApiListingReferenceScanner       : Created resource listing Path: /default/cache Description: cache Position: 0
2016-06-22 11:38:27.319  INFO 14108 --- [main] c.m.s.s.ApiListingReferenceScanner       : Created resource listing Path: /default/car Description: car Position: 0
2016-06-22 11:38:27.319  INFO 14108 --- [main] c.m.s.s.ApiListingReferenceScanner       : Created resource listing Path: /default/person Description: person Position: 0
2016-06-22 11:38:27.472  INFO 14108 --- [main] c.m.s.core.SwaggerApiResourceListing     : Added a resource listing with (3) api resources: 
2016-06-22 11:38:27.472  INFO 14108 --- [main] c.m.s.core.SwaggerApiResourceListing     :   cache at location: /api-docs/default/cache
2016-06-22 11:38:27.472  INFO 14108 --- [main] c.m.s.core.SwaggerApiResourceListing     :   car at location: /api-docs/default/car
2016-06-22 11:38:27.472  INFO 14108 --- [main] c.m.s.core.SwaggerApiResourceListing     :   person at location: /api-docs/default/person
2016-06-22 11:38:27.534  INFO 14108 --- [main] s.b.c.e.t.TomcatEmbeddedServletContainer : Tomcat started on port(s): 8080 (http)
2016-06-22 11:38:27.534  INFO 14108 --- [main] de.mgm.sp.Starter                        : Started Starter in 2.96 seconds (JVM running for 3.585)
2016-06-22 11:38:30.121  INFO 14108 --- [http-nio-8080-exec-1] o.a.c.c.C.[Tomcat].[localhost].[/]       : Initializing Spring FrameworkServlet 'dispatcherServlet'
2016-06-22 11:38:30.121  INFO 14108 --- [http-nio-8080-exec-1] o.s.web.servlet.DispatcherServlet        : FrameworkServlet 'dispatcherServlet': initialization started
2016-06-22 11:38:30.136  INFO 14108 --- [http-nio-8080-exec-1] o.s.web.servlet.DispatcherServlet        : FrameworkServlet 'dispatcherServlet': initialization completed in 15 ms
